c:\users\micha\source\repos\5dfb0d10-gr22-repo\projekt\battleship\debug\vc142.pdb
c:\users\micha\source\repos\5dfb0d10-gr22-repo\projekt\battleship\debug\vc142.idb
c:\users\micha\source\repos\5dfb0d10-gr22-repo\projekt\battleship\debug\source.nativecodeanalysis.sarif
c:\users\micha\source\repos\5dfb0d10-gr22-repo\projekt\battleship\debug\source.nativecodeanalysis.xml
c:\users\micha\source\repos\5dfb0d10-gr22-repo\projekt\battleship\debug\ships.nativecodeanalysis.sarif
c:\users\micha\source\repos\5dfb0d10-gr22-repo\projekt\battleship\debug\ships.nativecodeanalysis.xml
c:\users\micha\source\repos\5dfb0d10-gr22-repo\projekt\battleship\debug\menu.nativecodeanalysis.sarif
c:\users\micha\source\repos\5dfb0d10-gr22-repo\projekt\battleship\debug\menu.nativecodeanalysis.xml
c:\users\micha\source\repos\5dfb0d10-gr22-repo\projekt\battleship\debug\list.nativecodeanalysis.sarif
c:\users\micha\source\repos\5dfb0d10-gr22-repo\projekt\battleship\debug\list.nativecodeanalysis.xml
c:\users\micha\source\repos\5dfb0d10-gr22-repo\projekt\battleship\debug\game.nativecodeanalysis.sarif
c:\users\micha\source\repos\5dfb0d10-gr22-repo\projekt\battleship\debug\game.nativecodeanalysis.xml
c:\users\micha\source\repos\5dfb0d10-gr22-repo\projekt\battleship\debug\files.nativecodeanalysis.sarif
c:\users\micha\source\repos\5dfb0d10-gr22-repo\projekt\battleship\debug\files.nativecodeanalysis.xml
c:\users\micha\source\repos\5dfb0d10-gr22-repo\projekt\battleship\debug\board.nativecodeanalysis.sarif
c:\users\micha\source\repos\5dfb0d10-gr22-repo\projekt\battleship\debug\board.nativecodeanalysis.xml
c:\users\micha\source\repos\5dfb0d10-gr22-repo\projekt\battleship\debug\board.obj
c:\users\micha\source\repos\5dfb0d10-gr22-repo\projekt\battleship\debug\files.obj
c:\users\micha\source\repos\5dfb0d10-gr22-repo\projekt\battleship\debug\game.obj
c:\users\micha\source\repos\5dfb0d10-gr22-repo\projekt\battleship\debug\list.obj
c:\users\micha\source\repos\5dfb0d10-gr22-repo\projekt\battleship\debug\menu.obj
c:\users\micha\source\repos\5dfb0d10-gr22-repo\projekt\battleship\debug\ships.obj
c:\users\micha\source\repos\5dfb0d10-gr22-repo\projekt\battleship\debug\source.obj
c:\users\micha\source\repos\5dfb0d10-gr22-repo\projekt\battleship\debug\battleship.ilk
c:\users\micha\source\repos\5dfb0d10-gr22-repo\projekt\battleship\debug\battleship.exe
c:\users\micha\source\repos\5dfb0d10-gr22-repo\projekt\battleship\debug\battleship.pdb
c:\users\micha\source\repos\5dfb0d10-gr22-repo\projekt\battleship\debug\nativecodeanalysis.read.1.tlog
c:\users\micha\source\repos\5dfb0d10-gr22-repo\projekt\battleship\debug\vc.nativecodeanalysis.all.xml
c:\users\micha\source\repos\5dfb0d10-gr22-repo\projekt\battleship\debug\battleship.exe.lastcodeanalysissucceeded
c:\users\micha\source\repos\5dfb0d10-gr22-repo\projekt\battleship\debug\battleship.tlog\cl.command.1.tlog
c:\users\micha\source\repos\5dfb0d10-gr22-repo\projekt\battleship\debug\battleship.tlog\cl.read.1.tlog
c:\users\micha\source\repos\5dfb0d10-gr22-repo\projekt\battleship\debug\battleship.tlog\cl.write.1.tlog
c:\users\micha\source\repos\5dfb0d10-gr22-repo\projekt\battleship\debug\battleship.tlog\link.command.1.tlog
c:\users\micha\source\repos\5dfb0d10-gr22-repo\projekt\battleship\debug\battleship.tlog\link.read.1.tlog
c:\users\micha\source\repos\5dfb0d10-gr22-repo\projekt\battleship\debug\battleship.tlog\link.write.1.tlog
